

Started GET "/assets/rails.png" for 127.0.0.1 at 2013-03-17 12:25:04 +0800
Connecting to database specified by database.yml
Served asset /rails.png - 200 OK (4ms)


Started GET "/assets/rails.png" for 127.0.0.1 at 2013-03-17 12:46:29 +0800
Connecting to database specified by database.yml
Served asset /rails.png - 304 Not Modified (1ms)


Started GET "/home/index" for 127.0.0.1 at 2013-03-17 12:49:01 +0800
Processing by HomeController#index as HTML
  Rendered home/index.html.erb within layouts/application (0.8ms)
Compiled home.css  (4ms)  (pid 25606)
Compiled application.css  (7ms)  (pid 25606)
Compiled jquery.js  (5ms)  (pid 25606)
Compiled jquery_ujs.js  (0ms)  (pid 25606)
Compiled home.js  (96ms)  (pid 25606)
Compiled application.js  (146ms)  (pid 25606)
Completed 200 OK in 200ms (Views: 199.1ms | ActiveRecord: 0.0ms)


Started GET "/assets/jquery_ujs.js?body=1" for 127.0.0.1 at 2013-03-17 12:49:01 +0800
Served asset /jquery_ujs.js - 200 OK (2ms)


Started GET "/assets/home.css?body=1" for 127.0.0.1 at 2013-03-17 12:49:01 +0800
Served asset /home.css - 200 OK (1ms)


Started GET "/assets/application.css?body=1" for 127.0.0.1 at 2013-03-17 12:49:01 +0800
Served asset /application.css - 200 OK (3ms)


Started GET "/assets/jquery.js?body=1" for 127.0.0.1 at 2013-03-17 12:49:01 +0800
Served asset /jquery.js - 200 OK (1ms)


Started GET "/assets/home.js?body=1" for 127.0.0.1 at 2013-03-17 12:49:01 +0800
Served asset /home.js - 200 OK (1ms)


Started GET "/assets/application.js?body=1" for 127.0.0.1 at 2013-03-17 12:49:01 +0800
Served asset /application.js - 200 OK (5ms)
Connecting to database specified by database.yml
Connecting to database specified by database.yml
Connecting to database specified by database.yml
  [1m[36m (24.5ms)[0m  [1mCREATE TABLE `schema_migrations` (`version` varchar(255) NOT NULL) ENGINE=InnoDB[0m
  [1m[35m (14.7ms)[0m  CREATE UNIQUE INDEX `unique_schema_migrations` ON `schema_migrations` (`version`)
  [1m[36m (0.4ms)[0m  [1mSELECT `schema_migrations`.`version` FROM `schema_migrations` [0m
Migrating to CreateUsers (20130323081935)
  [1m[35m (10.1ms)[0m  CREATE TABLE `users` (`id` int(11) DEFAULT NULL auto_increment PRIMARY KEY, `name` varchar(255), `pwd` varchar(255), `email` varchar(255), `about` varchar(255), `created_at` datetime NOT NULL, `updated_at` datetime NOT NULL) ENGINE=InnoDB
  [1m[36m (0.9ms)[0m  [1mINSERT INTO `schema_migrations` (`version`) VALUES ('20130323081935')[0m
  [1m[35m (0.1ms)[0m  SELECT `schema_migrations`.`version` FROM `schema_migrations` 
  [1m[36m (1.9ms)[0m  [1m
 SELECT fk.referenced_table_name as 'to_table'
 ,fk.referenced_column_name as 'primary_key'
 ,fk.column_name as 'column'
 ,fk.constraint_name as 'name'
 FROM information_schema.key_column_usage fk
 WHERE fk.referenced_column_name is not null
 AND fk.table_schema = 'blog_fish_development'
 AND fk.table_name = 'users'
 [0m
  [1m[35m (0.2ms)[0m  SHOW CREATE TABLE `users`
Connecting to database specified by database.yml
Connecting to database specified by database.yml
  [1m[36m (0.3ms)[0m  [1mSELECT `schema_migrations`.`version` FROM `schema_migrations` [0m
Migrating to CreateUsers (20130323081935)
Migrating to CreateArticles (20130323082718)
Connecting to database specified by database.yml
  [1m[36m (0.3ms)[0m  [1mSELECT `schema_migrations`.`version` FROM `schema_migrations` [0m
Migrating to CreateUsers (20130323081935)
Migrating to CreateArticles (20130323082718)
  [1m[35m (30.3ms)[0m  CREATE TABLE `articles` (`id` int(11) DEFAULT NULL auto_increment PRIMARY KEY, `title` varchar(255) NOT NULL, `content` text NOT NULL, `view_num` int(11) DEFAULT 0 NOT NULL, `comment_num` int(11) DEFAULT 0 NOT NULL, `created_at` datetime NOT NULL, `updated_at` datetime NOT NULL, `user_id` int(11) NOT NULL) ENGINE=InnoDB
  [1m[36m (11.7ms)[0m  [1mALTER TABLE `articles` ADD CONSTRAINT `fk_articles_users` FOREIGN KEY (`user_id`) REFERENCES `users`(id)[0m
  [1m[35m (0.3ms)[0m  INSERT INTO `schema_migrations` (`version`) VALUES ('20130323082718')
  [1m[36m (0.1ms)[0m  [1mSELECT `schema_migrations`.`version` FROM `schema_migrations` [0m
  [1m[35m (0.2ms)[0m  
 SELECT fk.referenced_table_name as 'to_table'
 ,fk.referenced_column_name as 'primary_key'
 ,fk.column_name as 'column'
 ,fk.constraint_name as 'name'
 FROM information_schema.key_column_usage fk
 WHERE fk.referenced_column_name is not null
 AND fk.table_schema = 'blog_fish_development'
 AND fk.table_name = 'articles'
 
  [1m[36m (0.2ms)[0m  [1mSHOW CREATE TABLE `articles`[0m
  [1m[35m (0.2ms)[0m  
 SELECT fk.referenced_table_name as 'to_table'
 ,fk.referenced_column_name as 'primary_key'
 ,fk.column_name as 'column'
 ,fk.constraint_name as 'name'
 FROM information_schema.key_column_usage fk
 WHERE fk.referenced_column_name is not null
 AND fk.table_schema = 'blog_fish_development'
 AND fk.table_name = 'users'
 
  [1m[36m (0.1ms)[0m  [1mSHOW CREATE TABLE `users`[0m
Connecting to database specified by database.yml
Connecting to database specified by database.yml
  [1m[36m (0.3ms)[0m  [1mSELECT `schema_migrations`.`version` FROM `schema_migrations` [0m
Migrating to CreateUsers (20130323081935)
Migrating to CreateArticles (20130323082718)
Migrating to CreateComments (20130323084624)
  [1m[35m (21.1ms)[0m  CREATE TABLE `comments` (`id` int(11) DEFAULT NULL auto_increment PRIMARY KEY, `cotent` text NOT NULL, `created_at` datetime NOT NULL, `updated_at` datetime NOT NULL, `users_id` int(11), `articles_id` int(11) NOT NULL) ENGINE=InnoDB
  [1m[36m (0.5ms)[0m  [1mALTER TABLE `comments` ADD CONSTRAINT `fk_comments_users` FOREIGN KEY (`user_id`) REFERENCES `users`(id)[0m
Mysql2::Error: Key column 'user_id' doesn't exist in table: ALTER TABLE `comments` ADD CONSTRAINT `fk_comments_users` FOREIGN KEY (`user_id`) REFERENCES `users`(id)
Connecting to database specified by database.yml
  [1m[36m (0.3ms)[0m  [1mSELECT `schema_migrations`.`version` FROM `schema_migrations` [0m
Migrating to CreateUsers (20130323081935)
Migrating to CreateArticles (20130323082718)
Migrating to CreateComments (20130323084624)
  [1m[35m (0.3ms)[0m  CREATE TABLE `comments` (`id` int(11) DEFAULT NULL auto_increment PRIMARY KEY, `cotent` text NOT NULL, `created_at` datetime NOT NULL, `updated_at` datetime NOT NULL, `users_id` int(11), `articles_id` int(11) NOT NULL) ENGINE=InnoDB
Mysql2::Error: Table 'comments' already exists: CREATE TABLE `comments` (`id` int(11) DEFAULT NULL auto_increment PRIMARY KEY, `cotent` text NOT NULL, `created_at` datetime NOT NULL, `updated_at` datetime NOT NULL, `users_id` int(11), `articles_id` int(11) NOT NULL) ENGINE=InnoDB
Connecting to database specified by database.yml
  [1m[36m (0.2ms)[0m  [1mSELECT `schema_migrations`.`version` FROM `schema_migrations` [0m
Migrating to CreateUsers (20130323081935)
Migrating to CreateArticles (20130323082718)
Migrating to CreateComments (20130323084624)
  [1m[35m (0.4ms)[0m  CREATE TABLE `comments` (`id` int(11) DEFAULT NULL auto_increment PRIMARY KEY, `cotent` text NOT NULL, `created_at` datetime NOT NULL, `updated_at` datetime NOT NULL, `users_id` int(11), `articles_id` int(11) NOT NULL) ENGINE=InnoDB
Mysql2::Error: Table 'comments' already exists: CREATE TABLE `comments` (`id` int(11) DEFAULT NULL auto_increment PRIMARY KEY, `cotent` text NOT NULL, `created_at` datetime NOT NULL, `updated_at` datetime NOT NULL, `users_id` int(11), `articles_id` int(11) NOT NULL) ENGINE=InnoDB
Connecting to database specified by database.yml
  [1m[36m (0.2ms)[0m  [1mSELECT `schema_migrations`.`version` FROM `schema_migrations` [0m
Migrating to CreateUsers (20130323081935)
Migrating to CreateArticles (20130323082718)
Migrating to CreateComments (20130323084624)
  [1m[35m (15.4ms)[0m  ALTER TABLE `comments` ADD CONSTRAINT `fk_comments_users` FOREIGN KEY (`users_id`) REFERENCES `users`(id)
  [1m[36m (22.6ms)[0m  [1mALTER TABLE `comments` ADD CONSTRAINT `fk_comments_articles` FOREIGN KEY (`articles_id`) REFERENCES `articles`(id)[0m
  [1m[35m (0.4ms)[0m  INSERT INTO `schema_migrations` (`version`) VALUES ('20130323084624')
  [1m[36m (0.2ms)[0m  [1mSELECT `schema_migrations`.`version` FROM `schema_migrations` [0m
  [1m[35m (0.2ms)[0m  
 SELECT fk.referenced_table_name as 'to_table'
 ,fk.referenced_column_name as 'primary_key'
 ,fk.column_name as 'column'
 ,fk.constraint_name as 'name'
 FROM information_schema.key_column_usage fk
 WHERE fk.referenced_column_name is not null
 AND fk.table_schema = 'blog_fish_development'
 AND fk.table_name = 'articles'
 
  [1m[36m (0.3ms)[0m  [1mSHOW CREATE TABLE `articles`[0m
  [1m[35m (0.4ms)[0m  
 SELECT fk.referenced_table_name as 'to_table'
 ,fk.referenced_column_name as 'primary_key'
 ,fk.column_name as 'column'
 ,fk.constraint_name as 'name'
 FROM information_schema.key_column_usage fk
 WHERE fk.referenced_column_name is not null
 AND fk.table_schema = 'blog_fish_development'
 AND fk.table_name = 'comments'
 
  [1m[36m (0.3ms)[0m  [1mSHOW CREATE TABLE `comments`[0m
  [1m[35m (0.3ms)[0m  
 SELECT fk.referenced_table_name as 'to_table'
 ,fk.referenced_column_name as 'primary_key'
 ,fk.column_name as 'column'
 ,fk.constraint_name as 'name'
 FROM information_schema.key_column_usage fk
 WHERE fk.referenced_column_name is not null
 AND fk.table_schema = 'blog_fish_development'
 AND fk.table_name = 'users'
 
  [1m[36m (0.2ms)[0m  [1mSHOW CREATE TABLE `users`[0m
Connecting to database specified by database.yml
  [1m[36m (0.3ms)[0m  [1mSELECT `schema_migrations`.`version` FROM `schema_migrations` [0m
Migrating to CreateUsers (20130323081935)
Migrating to CreateArticles (20130323082718)
Migrating to CreateComments (20130323084624)
  [1m[35m (0.2ms)[0m  SELECT `schema_migrations`.`version` FROM `schema_migrations` 
  [1m[36m (0.2ms)[0m  [1m
 SELECT fk.referenced_table_name as 'to_table'
 ,fk.referenced_column_name as 'primary_key'
 ,fk.column_name as 'column'
 ,fk.constraint_name as 'name'
 FROM information_schema.key_column_usage fk
 WHERE fk.referenced_column_name is not null
 AND fk.table_schema = 'blog_fish_development'
 AND fk.table_name = 'articles'
 [0m
  [1m[35m (0.1ms)[0m  SHOW CREATE TABLE `articles`
  [1m[36m (0.3ms)[0m  [1m
 SELECT fk.referenced_table_name as 'to_table'
 ,fk.referenced_column_name as 'primary_key'
 ,fk.column_name as 'column'
 ,fk.constraint_name as 'name'
 FROM information_schema.key_column_usage fk
 WHERE fk.referenced_column_name is not null
 AND fk.table_schema = 'blog_fish_development'
 AND fk.table_name = 'comments'
 [0m
  [1m[35m (0.2ms)[0m  SHOW CREATE TABLE `comments`
  [1m[36m (0.2ms)[0m  [1m
 SELECT fk.referenced_table_name as 'to_table'
 ,fk.referenced_column_name as 'primary_key'
 ,fk.column_name as 'column'
 ,fk.constraint_name as 'name'
 FROM information_schema.key_column_usage fk
 WHERE fk.referenced_column_name is not null
 AND fk.table_schema = 'blog_fish_development'
 AND fk.table_name = 'users'
 [0m
  [1m[35m (0.1ms)[0m  SHOW CREATE TABLE `users`
Connecting to database specified by database.yml
  [1m[36m (0.1ms)[0m  [1mSELECT `schema_migrations`.`version` FROM `schema_migrations` [0m
  [1m[35m (0.1ms)[0m  SELECT `schema_migrations`.`version` FROM `schema_migrations` 
  [1m[36m (0.1ms)[0m  [1mSELECT `schema_migrations`.`version` FROM `schema_migrations` [0m
Migrating to CreateComments (20130323084624)
  [1m[35m (31.3ms)[0m  ALTER TABLE `comments` DROP FOREIGN KEY `fk_comments_articles`
  [1m[36m (14.3ms)[0m  [1mALTER TABLE `comments` DROP FOREIGN KEY `fk_comments_users`[0m
  [1m[35m (1.6ms)[0m  DROP TABLE `comments`
  [1m[36m (0.6ms)[0m  [1mDELETE FROM `schema_migrations` WHERE `schema_migrations`.`version` = '20130323084624'[0m
Migrating to CreateArticles (20130323082718)
  [1m[35m (6.9ms)[0m  ALTER TABLE `articles` DROP FOREIGN KEY `fk_articles_users`
  [1m[36m (1.4ms)[0m  [1mDROP TABLE `articles`[0m
  [1m[35m (0.5ms)[0m  DELETE FROM `schema_migrations` WHERE `schema_migrations`.`version` = '20130323082718'
  [1m[36m (0.3ms)[0m  [1mSELECT `schema_migrations`.`version` FROM `schema_migrations` [0m
  [1m[35m (0.2ms)[0m  
 SELECT fk.referenced_table_name as 'to_table'
 ,fk.referenced_column_name as 'primary_key'
 ,fk.column_name as 'column'
 ,fk.constraint_name as 'name'
 FROM information_schema.key_column_usage fk
 WHERE fk.referenced_column_name is not null
 AND fk.table_schema = 'blog_fish_development'
 AND fk.table_name = 'users'
 
  [1m[36m (0.1ms)[0m  [1mSHOW CREATE TABLE `users`[0m
Connecting to database specified by database.yml
  [1m[36m (0.2ms)[0m  [1mSELECT `schema_migrations`.`version` FROM `schema_migrations` [0m
Migrating to CreateUsers (20130323081935)
Migrating to CreateArticles (20130323082718)
  [1m[35m (18.2ms)[0m  CREATE TABLE `articles` (`id` int(11) DEFAULT NULL auto_increment PRIMARY KEY, `title` varchar(255) NOT NULL, `content` text NOT NULL, `view_num` int(11) DEFAULT 0 NOT NULL, `comment_num` int(11) DEFAULT 0 NOT NULL, `created_at` datetime NOT NULL, `updated_at` datetime NOT NULL, `users_id` int(11) NOT NULL) ENGINE=InnoDB
  [1m[36m (12.5ms)[0m  [1mALTER TABLE `articles` ADD CONSTRAINT `fk_articles_users` FOREIGN KEY (`users_id`) REFERENCES `users`(id)[0m
  [1m[35m (0.5ms)[0m  INSERT INTO `schema_migrations` (`version`) VALUES ('20130323082718')
Migrating to CreateComments (20130323084624)
  [1m[36m (14.3ms)[0m  [1mCREATE TABLE `comments` (`id` int(11) DEFAULT NULL auto_increment PRIMARY KEY, `cotent` text NOT NULL, `created_at` datetime NOT NULL, `updated_at` datetime NOT NULL, `users_id` int(11), `articles_id` int(11) NOT NULL) ENGINE=InnoDB[0m
  [1m[35m (14.1ms)[0m  ALTER TABLE `comments` ADD CONSTRAINT `fk_comments_users` FOREIGN KEY (`users_id`) REFERENCES `users`(id)
  [1m[36m (20.9ms)[0m  [1mALTER TABLE `comments` ADD CONSTRAINT `fk_comments_articles` FOREIGN KEY (`articles_id`) REFERENCES `articles`(id)[0m
  [1m[35m (0.3ms)[0m  INSERT INTO `schema_migrations` (`version`) VALUES ('20130323084624')
  [1m[36m (0.1ms)[0m  [1mSELECT `schema_migrations`.`version` FROM `schema_migrations` [0m
  [1m[35m (0.2ms)[0m  
 SELECT fk.referenced_table_name as 'to_table'
 ,fk.referenced_column_name as 'primary_key'
 ,fk.column_name as 'column'
 ,fk.constraint_name as 'name'
 FROM information_schema.key_column_usage fk
 WHERE fk.referenced_column_name is not null
 AND fk.table_schema = 'blog_fish_development'
 AND fk.table_name = 'articles'
 
  [1m[36m (0.2ms)[0m  [1mSHOW CREATE TABLE `articles`[0m
  [1m[35m (0.3ms)[0m  
 SELECT fk.referenced_table_name as 'to_table'
 ,fk.referenced_column_name as 'primary_key'
 ,fk.column_name as 'column'
 ,fk.constraint_name as 'name'
 FROM information_schema.key_column_usage fk
 WHERE fk.referenced_column_name is not null
 AND fk.table_schema = 'blog_fish_development'
 AND fk.table_name = 'comments'
 
  [1m[36m (0.1ms)[0m  [1mSHOW CREATE TABLE `comments`[0m
  [1m[35m (0.2ms)[0m  
 SELECT fk.referenced_table_name as 'to_table'
 ,fk.referenced_column_name as 'primary_key'
 ,fk.column_name as 'column'
 ,fk.constraint_name as 'name'
 FROM information_schema.key_column_usage fk
 WHERE fk.referenced_column_name is not null
 AND fk.table_schema = 'blog_fish_development'
 AND fk.table_name = 'users'
 
  [1m[36m (0.1ms)[0m  [1mSHOW CREATE TABLE `users`[0m
